<?xml version="1.0" encoding="UTF-8"?>
<coverage generated="1766067110896" clover="3.2.0">
  <project timestamp="1766067110896" name="All files">
    <metrics statements="224" coveredstatements="220" conditionals="119" coveredconditionals="109" methods="40" coveredmethods="40" elements="383" coveredelements="369" complexity="0" loc="224" ncloc="224" packages="1" files="3" classes="3"/>
    <file name="usePaceCalculator.ts" path="/Users/miguel.fernandez/personal-project/ritmo-calculadora/src/composables/usePaceCalculator.ts">
      <metrics statements="152" coveredstatements="149" conditionals="81" coveredconditionals="76" methods="29" coveredmethods="29"/>
      <line num="1" count="1" type="stmt"/>
      <line num="2" count="1" type="stmt"/>
      <line num="3" count="1" type="stmt"/>
      <line num="10" count="1" type="stmt"/>
      <line num="11" count="1" type="stmt"/>
      <line num="12" count="1" type="stmt"/>
      <line num="13" count="1" type="stmt"/>
      <line num="14" count="1" type="stmt"/>
      <line num="16" count="1" type="stmt"/>
      <line num="17" count="1" type="stmt"/>
      <line num="23" count="1" type="stmt"/>
      <line num="24" count="52" type="stmt"/>
      <line num="26" count="52" type="stmt"/>
      <line num="27" count="52" type="stmt"/>
      <line num="28" count="52" type="stmt"/>
      <line num="29" count="52" type="stmt"/>
      <line num="30" count="52" type="stmt"/>
      <line num="31" count="52" type="stmt"/>
      <line num="32" count="52" type="stmt"/>
      <line num="33" count="52" type="stmt"/>
      <line num="34" count="52" type="stmt"/>
      <line num="36" count="52" type="stmt"/>
      <line num="37" count="30" type="cond" truecount="2" falsecount="0"/>
      <line num="40" count="52" type="stmt"/>
      <line num="41" count="6" type="cond" truecount="2" falsecount="0"/>
      <line num="42" count="6" type="stmt"/>
      <line num="45" count="52" type="stmt"/>
      <line num="50" count="52" type="stmt"/>
      <line num="55" count="52" type="stmt"/>
      <line num="56" count="33" type="cond" truecount="2" falsecount="0"/>
      <line num="59" count="52" type="stmt"/>
      <line num="60" count="33" type="cond" truecount="2" falsecount="0"/>
      <line num="63" count="52" type="stmt"/>
      <line num="64" count="33" type="cond" truecount="2" falsecount="0"/>
      <line num="67" count="52" type="stmt"/>
      <line num="69" count="13" type="cond" truecount="2" falsecount="0"/>
      <line num="70" count="13" type="cond" truecount="2" falsecount="0"/>
      <line num="71" count="13" type="stmt"/>
      <line num="74" count="52" type="stmt"/>
      <line num="75" count="13" type="stmt"/>
      <line num="76" count="13" type="stmt"/>
      <line num="78" count="13" type="cond" truecount="2" falsecount="0"/>
      <line num="79" count="5" type="stmt"/>
      <line num="80" count="5" type="stmt"/>
      <line num="82" count="8" type="stmt"/>
      <line num="83" count="8" type="stmt"/>
      <line num="86" count="13" type="stmt"/>
      <line num="87" count="13" type="stmt"/>
      <line num="89" count="13" type="stmt"/>
      <line num="90" count="13" type="stmt"/>
      <line num="94" count="52" type="stmt"/>
      <line num="95" count="18" type="cond" truecount="2" falsecount="0"/>
      <line num="98" count="52" type="stmt"/>
      <line num="104" count="12" type="stmt"/>
      <line num="105" count="12" type="stmt"/>
      <line num="106" count="12" type="stmt"/>
      <line num="108" count="12" type="cond" truecount="4" falsecount="0"/>
      <line num="109" count="1" type="stmt"/>
      <line num="110" count="1" type="stmt"/>
      <line num="112" count="11" type="stmt"/>
      <line num="113" count="11" type="stmt"/>
      <line num="116" count="12" type="cond" truecount="2" falsecount="0"/>
      <line num="117" count="12" type="stmt"/>
      <line num="118" count="12" type="stmt"/>
      <line num="120" count="12" type="stmt"/>
      <line num="121" count="12" type="stmt"/>
      <line num="125" count="52" type="stmt"/>
      <line num="131" count="6" type="stmt"/>
      <line num="132" count="6" type="stmt"/>
      <line num="133" count="6" type="stmt"/>
      <line num="135" count="6" type="cond" truecount="2" falsecount="0"/>
      <line num="136" count="1" type="stmt"/>
      <line num="137" count="1" type="stmt"/>
      <line num="139" count="5" type="stmt"/>
      <line num="140" count="5" type="stmt"/>
      <line num="143" count="6" type="stmt"/>
      <line num="144" count="6" type="stmt"/>
      <line num="146" count="6" type="stmt"/>
      <line num="147" count="6" type="stmt"/>
      <line num="151" count="52" type="stmt"/>
      <line num="152" count="33" type="stmt"/>
      <line num="153" count="33" type="stmt"/>
      <line num="155" count="33" type="stmt"/>
      <line num="161" count="33" type="stmt"/>
      <line num="163" count="33" type="cond" truecount="2" falsecount="0"/>
      <line num="164" count="2" type="stmt"/>
      <line num="165" count="2" type="stmt"/>
      <line num="168" count="31" type="stmt"/>
      <line num="169" count="31" type="cond" truecount="2" falsecount="0"/>
      <line num="173" count="31" type="cond" truecount="4" falsecount="0"/>
      <line num="174" count="13" type="stmt"/>
      <line num="175" count="18" type="cond" truecount="4" falsecount="0"/>
      <line num="176" count="12" type="stmt"/>
      <line num="177" count="6" type="cond" truecount="3" falsecount="1"/>
      <line num="178" count="6" type="stmt"/>
      <line num="181" count="0" type="stmt"/>
      <line num="188" count="52" type="stmt"/>
      <line num="189" count="56" type="stmt"/>
      <line num="190" count="56" type="stmt"/>
      <line num="191" count="56" type="stmt"/>
      <line num="192" count="56" type="stmt"/>
      <line num="193" count="56" type="stmt"/>
      <line num="194" count="56" type="stmt"/>
      <line num="195" count="56" type="stmt"/>
      <line num="196" count="56" type="stmt"/>
      <line num="199" count="52" type="stmt"/>
      <line num="201" count="2" type="stmt"/>
      <line num="204" count="1" type="stmt"/>
      <line num="207" count="1" type="stmt"/>
      <line num="211" count="52" type="stmt"/>
      <line num="212" count="4" type="cond" truecount="1" falsecount="1"/>
      <line num="213" count="4" type="stmt"/>
      <line num="216" count="4" type="cond" truecount="2" falsecount="0"/>
      <line num="217" count="1" type="stmt"/>
      <line num="218" count="1" type="stmt"/>
      <line num="222" count="52" type="stmt"/>
      <line num="223" count="52" type="stmt"/>
      <line num="224" count="52" type="stmt"/>
      <line num="226" count="52" type="stmt"/>
      <line num="227" count="3" type="cond" truecount="3" falsecount="1"/>
      <line num="229" count="3" type="stmt"/>
      <line num="230" count="3" type="stmt"/>
      <line num="231" count="3" type="cond" truecount="2" falsecount="0"/>
      <line num="232" count="2" type="stmt"/>
      <line num="234" count="1" type="stmt"/>
      <line num="237" count="0" type="stmt"/>
      <line num="241" count="52" type="stmt"/>
      <line num="242" count="4" type="cond" truecount="3" falsecount="1"/>
      <line num="244" count="4" type="stmt"/>
      <line num="245" count="4" type="cond" truecount="2" falsecount="0"/>
      <line num="246" count="3" type="cond" truecount="2" falsecount="0"/>
      <line num="247" count="2" type="stmt"/>
      <line num="249" count="1" type="stmt"/>
      <line num="252" count="1" type="stmt"/>
      <line num="256" count="52" type="stmt"/>
      <line num="257" count="5" type="cond" truecount="3" falsecount="1"/>
      <line num="259" count="5" type="stmt"/>
      <line num="260" count="5" type="stmt"/>
      <line num="261" count="5" type="cond" truecount="2" falsecount="0"/>
      <line num="262" count="1" type="stmt"/>
      <line num="264" count="4" type="stmt"/>
      <line num="267" count="0" type="stmt"/>
      <line num="271" count="52" type="stmt"/>
      <line num="272" count="12" type="cond" truecount="5" falsecount="0"/>
      <line num="273" count="3" type="stmt"/>
      <line num="277" count="52" type="stmt"/>
      <line num="278" count="15" type="cond" truecount="5" falsecount="0"/>
      <line num="279" count="4" type="stmt"/>
      <line num="283" count="52" type="stmt"/>
      <line num="284" count="25" type="cond" truecount="5" falsecount="0"/>
      <line num="285" count="5" type="stmt"/>
      <line num="289" count="52" type="stmt"/>
    </file>
    <file name="useTheme.ts" path="/Users/miguel.fernandez/personal-project/ritmo-calculadora/src/composables/useTheme.ts">
      <metrics statements="30" coveredstatements="29" conditionals="14" coveredconditionals="10" methods="5" coveredmethods="5"/>
      <line num="1" count="1" type="stmt"/>
      <line num="5" count="1" type="stmt"/>
      <line num="6" count="1" type="stmt"/>
      <line num="8" count="1" type="stmt"/>
      <line num="10" count="1" type="stmt"/>
      <line num="11" count="16" type="cond" truecount="1" falsecount="1"/>
      <line num="13" count="16" type="stmt"/>
      <line num="14" count="16" type="cond" truecount="2" falsecount="0"/>
      <line num="15" count="9" type="stmt"/>
      <line num="17" count="7" type="stmt"/>
      <line num="21" count="1" type="stmt"/>
      <line num="22" count="1" type="cond" truecount="1" falsecount="1"/>
      <line num="23" count="0" type="stmt"/>
      <line num="25" count="1" type="stmt"/>
      <line num="26" count="1" type="cond" truecount="2" falsecount="0"/>
      <line num="29" count="1" type="cond" truecount="1" falsecount="1"/>
      <line num="30" count="1" type="stmt"/>
      <line num="31" count="1" type="stmt"/>
      <line num="32" count="1" type="stmt"/>
      <line num="35" count="1" type="stmt"/>
      <line num="36" count="13" type="stmt"/>
      <line num="37" count="15" type="stmt"/>
      <line num="38" count="15" type="cond" truecount="1" falsecount="1"/>
      <line num="39" count="15" type="stmt"/>
      <line num="40" count="15" type="stmt"/>
      <line num="44" count="13" type="stmt"/>
      <line num="45" count="5" type="stmt"/>
      <line num="46" count="5" type="cond" truecount="2" falsecount="0"/>
      <line num="47" count="5" type="stmt"/>
      <line num="50" count="13" type="stmt"/>
    </file>
    <file name="useTimeUtils.ts" path="/Users/miguel.fernandez/personal-project/ritmo-calculadora/src/composables/useTimeUtils.ts">
      <metrics statements="42" coveredstatements="42" conditionals="24" coveredconditionals="23" methods="6" coveredmethods="6"/>
      <line num="1" count="2" type="stmt"/>
      <line num="2" count="2" type="stmt"/>
      <line num="4" count="2" type="stmt"/>
      <line num="5" count="41" type="stmt"/>
      <line num="11" count="2" type="stmt"/>
      <line num="12" count="54" type="stmt"/>
      <line num="13" count="29" type="cond" truecount="2" falsecount="0"/>
      <line num="14" count="11" type="stmt"/>
      <line num="15" count="11" type="cond" truecount="2" falsecount="0"/>
      <line num="16" count="3" type="stmt"/>
      <line num="18" count="8" type="stmt"/>
      <line num="21" count="18" type="stmt"/>
      <line num="22" count="18" type="stmt"/>
      <line num="24" count="18" type="cond" truecount="2" falsecount="0"/>
      <line num="25" count="17" type="stmt"/>
      <line num="28" count="1" type="stmt"/>
      <line num="31" count="54" type="cond" truecount="1" falsecount="0"/>
      <line num="32" count="37" type="cond" truecount="2" falsecount="0"/>
      <line num="33" count="10" type="stmt"/>
      <line num="36" count="27" type="stmt"/>
      <line num="37" count="27" type="stmt"/>
      <line num="38" count="27" type="cond" truecount="2" falsecount="0"/>
      <line num="41" count="27" type="stmt"/>
      <line num="42" count="27" type="cond" truecount="1" falsecount="1"/>
      <line num="43" count="27" type="stmt"/>
      <line num="46" count="54" type="stmt"/>
      <line num="47" count="25" type="cond" truecount="2" falsecount="0"/>
      <line num="49" count="24" type="stmt"/>
      <line num="50" count="24" type="stmt"/>
      <line num="52" count="24" type="stmt"/>
      <line num="55" count="54" type="cond" truecount="1" falsecount="0"/>
      <line num="56" count="22" type="cond" truecount="4" falsecount="0"/>
      <line num="58" count="20" type="cond" truecount="2" falsecount="0"/>
      <line num="59" count="3" type="stmt"/>
      <line num="62" count="17" type="stmt"/>
      <line num="63" count="17" type="stmt"/>
      <line num="64" count="17" type="stmt"/>
      <line num="65" count="17" type="stmt"/>
      <line num="67" count="17" type="cond" truecount="2" falsecount="0"/>
      <line num="68" count="16" type="stmt"/>
      <line num="70" count="1" type="stmt"/>
      <line num="73" count="54" type="stmt"/>
    </file>
  </project>
</coverage>
