{"/Users/miguel.fernandez/personal-project/ritmo-calculadora/src/composables/usePaceCalculator.ts": {"path":"/Users/miguel.fernandez/personal-project/ritmo-calculadora/src/composables/usePaceCalculator.ts","statementMap":{"0":{"start":{"line":23,"column":0},"end":{"line":23,"column":16}},"1":{"start":{"line":1,"column":0},"end":{"line":1,"column":43}},"2":{"start":{"line":2,"column":0},"end":{"line":2,"column":24}},"3":{"start":{"line":3,"column":0},"end":{"line":3,"column":46}},"4":{"start":{"line":10,"column":24},"end":{"line":10,"column":74}},"5":{"start":{"line":11,"column":24},"end":{"line":11,"column":57}},"6":{"start":{"line":12,"column":24},"end":{"line":12,"column":73}},"7":{"start":{"line":13,"column":24},"end":{"line":13,"column":57}},"8":{"start":{"line":14,"column":24},"end":{"line":14,"column":56}},"9":{"start":{"line":16,"column":26},"end":{"line":16,"column":28}},"10":{"start":{"line":17,"column":21},"end":{"line":17,"column":25}},"11":{"start":{"line":24,"column":73},"end":{"line":24,"column":87}},"12":{"start":{"line":26,"column":15},"end":{"line":26,"column":30}},"13":{"start":{"line":27,"column":19},"end":{"line":27,"column":39}},"14":{"start":{"line":28,"column":19},"end":{"line":28,"column":43}},"15":{"start":{"line":29,"column":23},"end":{"line":29,"column":45}},"16":{"start":{"line":30,"column":15},"end":{"line":30,"column":30}},"17":{"start":{"line":31,"column":19},"end":{"line":31,"column":39}},"18":{"start":{"line":32,"column":17},"end":{"line":32,"column":32}},"19":{"start":{"line":33,"column":26},"end":{"line":33,"column":52}},"20":{"start":{"line":34,"column":24},"end":{"line":34,"column":34}},"21":{"start":{"line":36,"column":23},"end":{"line":38,"column":3}},"22":{"start":{"line":37,"column":4},"end":{"line":37,"column":55}},"23":{"start":{"line":40,"column":25},"end":{"line":43,"column":3}},"24":{"start":{"line":41,"column":18},"end":{"line":41,"column":92}},"25":{"start":{"line":42,"column":4},"end":{"line":42,"column":30}},"26":{"start":{"line":45,"column":23},"end":{"line":48,"column":13}},"27":{"start":{"line":50,"column":23},"end":{"line":53,"column":13}},"28":{"start":{"line":55,"column":22},"end":{"line":57,"column":3}},"29":{"start":{"line":56,"column":4},"end":{"line":56,"column":71}},"30":{"start":{"line":59,"column":22},"end":{"line":61,"column":3}},"31":{"start":{"line":60,"column":4},"end":{"line":60,"column":71}},"32":{"start":{"line":63,"column":26},"end":{"line":65,"column":3}},"33":{"start":{"line":64,"column":4},"end":{"line":64,"column":77}},"34":{"start":{"line":67,"column":27},"end":{"line":72,"column":3}},"35":{"start":{"line":69,"column":6},"end":{"line":69,"column":86}},"36":{"start":{"line":70,"column":22},"end":{"line":70,"column":59}},"37":{"start":{"line":71,"column":4},"end":{"line":71,"column":58}},"38":{"start":{"line":74,"column":24},"end":{"line":92,"column":3}},"39":{"start":{"line":75,"column":4},"end":{"line":75,"column":31}},"40":{"start":{"line":76,"column":25},"end":{"line":76,"column":70}},"41":{"start":{"line":78,"column":4},"end":{"line":84,"column":5}},"42":{"start":{"line":79,"column":6},"end":{"line":79,"column":29}},"43":{"start":{"line":80,"column":6},"end":{"line":80,"column":43}},"44":{"start":{"line":82,"column":6},"end":{"line":82,"column":29}},"45":{"start":{"line":83,"column":6},"end":{"line":83,"column":47}},"46":{"start":{"line":86,"column":4},"end":{"line":86,"column":50}},"47":{"start":{"line":87,"column":4},"end":{"line":87,"column":35}},"48":{"start":{"line":89,"column":4},"end":{"line":91,"column":7}},"49":{"start":{"line":90,"column":6},"end":{"line":90,"column":34}},"50":{"start":{"line":94,"column":29},"end":{"line":96,"column":3}},"51":{"start":{"line":95,"column":4},"end":{"line":95,"column":73}},"52":{"start":{"line":98,"column":24},"end":{"line":123,"column":3}},"53":{"start":{"line":104,"column":4},"end":{"line":104,"column":31}},"54":{"start":{"line":105,"column":25},"end":{"line":105,"column":69}},"55":{"start":{"line":106,"column":26},"end":{"line":106,"column":53}},"56":{"start":{"line":108,"column":4},"end":{"line":114,"column":5}},"57":{"start":{"line":109,"column":6},"end":{"line":109,"column":29}},"58":{"start":{"line":110,"column":6},"end":{"line":110,"column":44}},"59":{"start":{"line":112,"column":6},"end":{"line":112,"column":29}},"60":{"start":{"line":113,"column":6},"end":{"line":113,"column":55}},"61":{"start":{"line":116,"column":22},"end":{"line":116,"column":68}},"62":{"start":{"line":117,"column":4},"end":{"line":117,"column":55}},"63":{"start":{"line":118,"column":4},"end":{"line":118,"column":35}},"64":{"start":{"line":120,"column":4},"end":{"line":122,"column":7}},"65":{"start":{"line":121,"column":6},"end":{"line":121,"column":34}},"66":{"start":{"line":125,"column":28},"end":{"line":149,"column":3}},"67":{"start":{"line":131,"column":4},"end":{"line":131,"column":31}},"68":{"start":{"line":132,"column":25},"end":{"line":132,"column":69}},"69":{"start":{"line":133,"column":35},"end":{"line":133,"column":80}},"70":{"start":{"line":135,"column":4},"end":{"line":141,"column":5}},"71":{"start":{"line":136,"column":6},"end":{"line":136,"column":31}},"72":{"start":{"line":137,"column":6},"end":{"line":137,"column":73}},"73":{"start":{"line":139,"column":6},"end":{"line":139,"column":32}},"74":{"start":{"line":140,"column":6},"end":{"line":140,"column":46}},"75":{"start":{"line":143,"column":4},"end":{"line":143,"column":94}},"76":{"start":{"line":144,"column":4},"end":{"line":144,"column":39}},"77":{"start":{"line":146,"column":4},"end":{"line":148,"column":7}},"78":{"start":{"line":147,"column":6},"end":{"line":147,"column":34}},"79":{"start":{"line":151,"column":20},"end":{"line":183,"column":3}},"80":{"start":{"line":152,"column":4},"end":{"line":152,"column":33}},"81":{"start":{"line":153,"column":4},"end":{"line":153,"column":22}},"82":{"start":{"line":155,"column":24},"end":{"line":159,"column":6}},"83":{"start":{"line":161,"column":24},"end":{"line":161,"column":73}},"84":{"start":{"line":163,"column":4},"end":{"line":166,"column":5}},"85":{"start":{"line":164,"column":6},"end":{"line":164,"column":57}},"86":{"start":{"line":165,"column":6},"end":{"line":165,"column":13}},"87":{"start":{"line":168,"column":4},"end":{"line":182,"column":5}},"88":{"start":{"line":169,"column":27},"end":{"line":171,"column":14}},"89":{"start":{"line":173,"column":6},"end":{"line":179,"column":7}},"90":{"start":{"line":174,"column":8},"end":{"line":174,"column":65}},"91":{"start":{"line":175,"column":13},"end":{"line":179,"column":7}},"92":{"start":{"line":176,"column":8},"end":{"line":176,"column":81}},"93":{"start":{"line":177,"column":13},"end":{"line":179,"column":7}},"94":{"start":{"line":178,"column":8},"end":{"line":178,"column":82}},"95":{"start":{"line":181,"column":6},"end":{"line":181,"column":86}},"96":{"start":{"line":188,"column":16},"end":{"line":197,"column":3}},"97":{"start":{"line":189,"column":4},"end":{"line":189,"column":20}},"98":{"start":{"line":190,"column":4},"end":{"line":190,"column":27}},"99":{"start":{"line":191,"column":4},"end":{"line":191,"column":26}},"100":{"start":{"line":192,"column":4},"end":{"line":192,"column":29}},"101":{"start":{"line":193,"column":4},"end":{"line":193,"column":20}},"102":{"start":{"line":194,"column":4},"end":{"line":194,"column":27}},"103":{"start":{"line":195,"column":4},"end":{"line":195,"column":22}},"104":{"start":{"line":196,"column":4},"end":{"line":196,"column":33}},"105":{"start":{"line":199,"column":77},"end":{"line":209,"column":4}},"106":{"start":{"line":201,"column":6},"end":{"line":201,"column":22}},"107":{"start":{"line":204,"column":6},"end":{"line":204,"column":28}},"108":{"start":{"line":207,"column":6},"end":{"line":207,"column":22}},"109":{"start":{"line":211,"column":21},"end":{"line":220,"column":3}},"110":{"start":{"line":212,"column":4},"end":{"line":214,"column":5}},"111":{"start":{"line":213,"column":6},"end":{"line":213,"column":30}},"112":{"start":{"line":216,"column":4},"end":{"line":219,"column":5}},"113":{"start":{"line":217,"column":6},"end":{"line":217,"column":35}},"114":{"start":{"line":218,"column":6},"end":{"line":218,"column":24}},"115":{"start":{"line":222,"column":20},"end":{"line":222,"column":50}},"116":{"start":{"line":222,"column":32},"end":{"line":222,"column":50}},"117":{"start":{"line":223,"column":24},"end":{"line":223,"column":58}},"118":{"start":{"line":223,"column":36},"end":{"line":223,"column":58}},"119":{"start":{"line":224,"column":20},"end":{"line":224,"column":50}},"120":{"start":{"line":224,"column":32},"end":{"line":224,"column":50}},"121":{"start":{"line":226,"column":31},"end":{"line":239,"column":3}},"122":{"start":{"line":227,"column":4},"end":{"line":227,"column":51}},"123":{"start":{"line":227,"column":44},"end":{"line":227,"column":51}},"124":{"start":{"line":229,"column":4},"end":{"line":238,"column":5}},"125":{"start":{"line":230,"column":28},"end":{"line":230,"column":62}},"126":{"start":{"line":231,"column":6},"end":{"line":235,"column":7}},"127":{"start":{"line":232,"column":8},"end":{"line":232,"column":46}},"128":{"start":{"line":234,"column":8},"end":{"line":234,"column":57}},"129":{"start":{"line":237,"column":6},"end":{"line":237,"column":22}},"130":{"start":{"line":241,"column":31},"end":{"line":254,"column":3}},"131":{"start":{"line":242,"column":4},"end":{"line":242,"column":51}},"132":{"start":{"line":242,"column":44},"end":{"line":242,"column":51}},"133":{"start":{"line":244,"column":4},"end":{"line":253,"column":5}},"134":{"start":{"line":245,"column":27},"end":{"line":245,"column":93}},"135":{"start":{"line":246,"column":6},"end":{"line":250,"column":7}},"136":{"start":{"line":247,"column":8},"end":{"line":247,"column":45}},"137":{"start":{"line":249,"column":8},"end":{"line":249,"column":49}},"138":{"start":{"line":252,"column":6},"end":{"line":252,"column":22}},"139":{"start":{"line":256,"column":35},"end":{"line":269,"column":3}},"140":{"start":{"line":257,"column":4},"end":{"line":257,"column":63}},"141":{"start":{"line":257,"column":56},"end":{"line":257,"column":63}},"142":{"start":{"line":259,"column":4},"end":{"line":268,"column":5}},"143":{"start":{"line":260,"column":27},"end":{"line":260,"column":64}},"144":{"start":{"line":261,"column":6},"end":{"line":265,"column":7}},"145":{"start":{"line":262,"column":8},"end":{"line":262,"column":65}},"146":{"start":{"line":264,"column":8},"end":{"line":264,"column":57}},"147":{"start":{"line":267,"column":6},"end":{"line":267,"column":28}},"148":{"start":{"line":271,"column":2},"end":{"line":275,"column":5}},"149":{"start":{"line":272,"column":4},"end":{"line":274,"column":5}},"150":{"start":{"line":273,"column":6},"end":{"line":273,"column":45}},"151":{"start":{"line":277,"column":2},"end":{"line":281,"column":5}},"152":{"start":{"line":278,"column":4},"end":{"line":280,"column":5}},"153":{"start":{"line":279,"column":6},"end":{"line":279,"column":45}},"154":{"start":{"line":283,"column":2},"end":{"line":287,"column":5}},"155":{"start":{"line":284,"column":4},"end":{"line":286,"column":5}},"156":{"start":{"line":285,"column":6},"end":{"line":285,"column":49}},"157":{"start":{"line":289,"column":2},"end":{"line":303,"column":4}}},"fnMap":{"0":{"name":"usePaceCalculator","decl":{"start":{"line":23,"column":16},"end":{"line":23,"column":33}},"loc":{"start":{"line":23,"column":33},"end":{"line":304,"column":1}}},"1":{"name":"(anonymous_1)","decl":{"start":{"line":36,"column":23},"end":{"line":36,"column":24}},"loc":{"start":{"line":36,"column":69},"end":{"line":38,"column":3}}},"2":{"name":"(anonymous_2)","decl":{"start":{"line":40,"column":25},"end":{"line":40,"column":26}},"loc":{"start":{"line":40,"column":75},"end":{"line":43,"column":3}}},"3":{"name":"(anonymous_3)","decl":{"start":{"line":55,"column":22},"end":{"line":55,"column":23}},"loc":{"start":{"line":55,"column":65},"end":{"line":57,"column":3}}},"4":{"name":"(anonymous_4)","decl":{"start":{"line":59,"column":22},"end":{"line":59,"column":23}},"loc":{"start":{"line":59,"column":65},"end":{"line":61,"column":3}}},"5":{"name":"(anonymous_5)","decl":{"start":{"line":63,"column":26},"end":{"line":63,"column":27}},"loc":{"start":{"line":63,"column":60},"end":{"line":65,"column":3}}},"6":{"name":"(anonymous_6)","decl":{"start":{"line":67,"column":27},"end":{"line":67,"column":28}},"loc":{"start":{"line":67,"column":60},"end":{"line":72,"column":3}}},"7":{"name":"(anonymous_7)","decl":{"start":{"line":74,"column":24},"end":{"line":74,"column":25}},"loc":{"start":{"line":74,"column":90},"end":{"line":92,"column":3}}},"8":{"name":"(anonymous_8)","decl":{"start":{"line":89,"column":13},"end":{"line":89,"column":16}},"loc":{"start":{"line":89,"column":18},"end":{"line":91,"column":5}}},"9":{"name":"(anonymous_9)","decl":{"start":{"line":94,"column":29},"end":{"line":94,"column":30}},"loc":{"start":{"line":94,"column":75},"end":{"line":96,"column":3}}},"10":{"name":"(anonymous_10)","decl":{"start":{"line":98,"column":24},"end":{"line":98,"column":null}},"loc":{"start":{"line":103,"column":12},"end":{"line":123,"column":3}}},"11":{"name":"(anonymous_11)","decl":{"start":{"line":120,"column":13},"end":{"line":120,"column":16}},"loc":{"start":{"line":120,"column":18},"end":{"line":122,"column":5}}},"12":{"name":"(anonymous_12)","decl":{"start":{"line":125,"column":28},"end":{"line":125,"column":null}},"loc":{"start":{"line":130,"column":12},"end":{"line":149,"column":3}}},"13":{"name":"(anonymous_13)","decl":{"start":{"line":146,"column":13},"end":{"line":146,"column":16}},"loc":{"start":{"line":146,"column":18},"end":{"line":148,"column":5}}},"14":{"name":"(anonymous_14)","decl":{"start":{"line":151,"column":20},"end":{"line":151,"column":29}},"loc":{"start":{"line":151,"column":31},"end":{"line":183,"column":3}}},"15":{"name":"(anonymous_15)","decl":{"start":{"line":188,"column":16},"end":{"line":188,"column":25}},"loc":{"start":{"line":188,"column":27},"end":{"line":197,"column":3}}},"16":{"name":"(anonymous_16)","decl":{"start":{"line":200,"column":10},"end":{"line":200,"column":13}},"loc":{"start":{"line":200,"column":15},"end":{"line":202,"column":5}}},"17":{"name":"(anonymous_17)","decl":{"start":{"line":203,"column":14},"end":{"line":203,"column":17}},"loc":{"start":{"line":203,"column":19},"end":{"line":205,"column":5}}},"18":{"name":"(anonymous_18)","decl":{"start":{"line":206,"column":10},"end":{"line":206,"column":13}},"loc":{"start":{"line":206,"column":15},"end":{"line":208,"column":5}}},"19":{"name":"(anonymous_19)","decl":{"start":{"line":211,"column":21},"end":{"line":211,"column":22}},"loc":{"start":{"line":211,"column":54},"end":{"line":220,"column":3}}},"20":{"name":"(anonymous_20)","decl":{"start":{"line":222,"column":20},"end":{"line":222,"column":29}},"loc":{"start":{"line":222,"column":32},"end":{"line":222,"column":50}}},"21":{"name":"(anonymous_21)","decl":{"start":{"line":223,"column":24},"end":{"line":223,"column":33}},"loc":{"start":{"line":223,"column":36},"end":{"line":223,"column":58}}},"22":{"name":"(anonymous_22)","decl":{"start":{"line":224,"column":20},"end":{"line":224,"column":29}},"loc":{"start":{"line":224,"column":32},"end":{"line":224,"column":50}}},"23":{"name":"(anonymous_23)","decl":{"start":{"line":226,"column":31},"end":{"line":226,"column":32}},"loc":{"start":{"line":226,"column":78},"end":{"line":239,"column":3}}},"24":{"name":"(anonymous_24)","decl":{"start":{"line":241,"column":31},"end":{"line":241,"column":32}},"loc":{"start":{"line":241,"column":78},"end":{"line":254,"column":3}}},"25":{"name":"(anonymous_25)","decl":{"start":{"line":256,"column":35},"end":{"line":256,"column":36}},"loc":{"start":{"line":256,"column":90},"end":{"line":269,"column":3}}},"26":{"name":"(anonymous_26)","decl":{"start":{"line":271,"column":18},"end":{"line":271,"column":19}},"loc":{"start":{"line":271,"column":39},"end":{"line":275,"column":3}}},"27":{"name":"(anonymous_27)","decl":{"start":{"line":277,"column":18},"end":{"line":277,"column":19}},"loc":{"start":{"line":277,"column":39},"end":{"line":281,"column":3}}},"28":{"name":"(anonymous_28)","decl":{"start":{"line":283,"column":22},"end":{"line":283,"column":23}},"loc":{"start":{"line":283,"column":43},"end":{"line":287,"column":3}}}},"branchMap":{"0":{"loc":{"start":{"line":37,"column":11},"end":{"line":37,"column":54}},"type":"cond-expr","locations":[{"start":{"line":37,"column":26},"end":{"line":37,"column":46}},{"start":{"line":37,"column":49},"end":{"line":37,"column":54}}]},"1":{"loc":{"start":{"line":41,"column":18},"end":{"line":41,"column":92}},"type":"cond-expr","locations":[{"start":{"line":41,"column":33},"end":{"line":41,"column":69}},{"start":{"line":41,"column":72},"end":{"line":41,"column":92}}]},"2":{"loc":{"start":{"line":56,"column":11},"end":{"line":56,"column":70}},"type":"cond-expr","locations":[{"start":{"line":56,"column":19},"end":{"line":56,"column":62}},{"start":{"line":56,"column":65},"end":{"line":56,"column":70}}]},"3":{"loc":{"start":{"line":60,"column":11},"end":{"line":60,"column":70}},"type":"cond-expr","locations":[{"start":{"line":60,"column":19},"end":{"line":60,"column":62}},{"start":{"line":60,"column":65},"end":{"line":60,"column":70}}]},"4":{"loc":{"start":{"line":64,"column":11},"end":{"line":64,"column":76}},"type":"cond-expr","locations":[{"start":{"line":64,"column":28},"end":{"line":64,"column":68}},{"start":{"line":64,"column":71},"end":{"line":64,"column":76}}]},"5":{"loc":{"start":{"line":69,"column":6},"end":{"line":69,"column":86}},"type":"cond-expr","locations":[{"start":{"line":69,"column":33},"end":{"line":69,"column":56}},{"start":{"line":69,"column":59},"end":{"line":69,"column":86}}]},"6":{"loc":{"start":{"line":70,"column":22},"end":{"line":70,"column":59}},"type":"cond-expr","locations":[{"start":{"line":70,"column":49},"end":{"line":70,"column":54}},{"start":{"line":70,"column":57},"end":{"line":70,"column":59}}]},"7":{"loc":{"start":{"line":78,"column":4},"end":{"line":84,"column":5}},"type":"if","locations":[{"start":{"line":78,"column":4},"end":{"line":84,"column":5}},{"start":{"line":81,"column":11},"end":{"line":84,"column":5}}]},"8":{"loc":{"start":{"line":95,"column":11},"end":{"line":95,"column":72}},"type":"cond-expr","locations":[{"start":{"line":95,"column":28},"end":{"line":95,"column":45}},{"start":{"line":95,"column":48},"end":{"line":95,"column":72}}]},"9":{"loc":{"start":{"line":108,"column":4},"end":{"line":114,"column":5}},"type":"if","locations":[{"start":{"line":108,"column":4},"end":{"line":114,"column":5}},{"start":{"line":111,"column":11},"end":{"line":114,"column":5}}]},"10":{"loc":{"start":{"line":108,"column":8},"end":{"line":108,"column":62}},"type":"binary-expr","locations":[{"start":{"line":108,"column":8},"end":{"line":108,"column":41}},{"start":{"line":108,"column":45},"end":{"line":108,"column":62}}]},"11":{"loc":{"start":{"line":116,"column":22},"end":{"line":116,"column":68}},"type":"cond-expr","locations":[{"start":{"line":116,"column":49},"end":{"line":116,"column":57}},{"start":{"line":116,"column":60},"end":{"line":116,"column":68}}]},"12":{"loc":{"start":{"line":135,"column":4},"end":{"line":141,"column":5}},"type":"if","locations":[{"start":{"line":135,"column":4},"end":{"line":141,"column":5}},{"start":{"line":138,"column":11},"end":{"line":141,"column":5}}]},"13":{"loc":{"start":{"line":163,"column":4},"end":{"line":166,"column":5}},"type":"if","locations":[{"start":{"line":163,"column":4},"end":{"line":166,"column":5}},{"start":{},"end":{}}]},"14":{"loc":{"start":{"line":169,"column":27},"end":{"line":171,"column":14}},"type":"cond-expr","locations":[{"start":{"line":170,"column":10},"end":{"line":170,"column":59}},{"start":{"line":171,"column":10},"end":{"line":171,"column":14}}]},"15":{"loc":{"start":{"line":173,"column":6},"end":{"line":179,"column":7}},"type":"if","locations":[{"start":{"line":173,"column":6},"end":{"line":179,"column":7}},{"start":{"line":175,"column":13},"end":{"line":179,"column":7}}]},"16":{"loc":{"start":{"line":173,"column":10},"end":{"line":173,"column":50}},"type":"binary-expr","locations":[{"start":{"line":173,"column":10},"end":{"line":173,"column":26}},{"start":{"line":173,"column":30},"end":{"line":173,"column":50}}]},"17":{"loc":{"start":{"line":175,"column":13},"end":{"line":179,"column":7}},"type":"if","locations":[{"start":{"line":175,"column":13},"end":{"line":179,"column":7}},{"start":{"line":177,"column":13},"end":{"line":179,"column":7}}]},"18":{"loc":{"start":{"line":175,"column":17},"end":{"line":175,"column":57}},"type":"binary-expr","locations":[{"start":{"line":175,"column":17},"end":{"line":175,"column":37}},{"start":{"line":175,"column":41},"end":{"line":175,"column":57}}]},"19":{"loc":{"start":{"line":177,"column":13},"end":{"line":179,"column":7}},"type":"if","locations":[{"start":{"line":177,"column":13},"end":{"line":179,"column":7}},{"start":{},"end":{}}]},"20":{"loc":{"start":{"line":177,"column":17},"end":{"line":177,"column":53}},"type":"binary-expr","locations":[{"start":{"line":177,"column":17},"end":{"line":177,"column":33}},{"start":{"line":177,"column":37},"end":{"line":177,"column":53}}]},"21":{"loc":{"start":{"line":212,"column":4},"end":{"line":214,"column":5}},"type":"if","locations":[{"start":{"line":212,"column":4},"end":{"line":214,"column":5}},{"start":{},"end":{}}]},"22":{"loc":{"start":{"line":216,"column":4},"end":{"line":219,"column":5}},"type":"if","locations":[{"start":{"line":216,"column":4},"end":{"line":219,"column":5}},{"start":{},"end":{}}]},"23":{"loc":{"start":{"line":227,"column":4},"end":{"line":227,"column":51}},"type":"if","locations":[{"start":{"line":227,"column":4},"end":{"line":227,"column":51}},{"start":{},"end":{}}]},"24":{"loc":{"start":{"line":227,"column":8},"end":{"line":227,"column":42}},"type":"binary-expr","locations":[{"start":{"line":227,"column":8},"end":{"line":227,"column":19}},{"start":{"line":227,"column":23},"end":{"line":227,"column":42}}]},"25":{"loc":{"start":{"line":231,"column":6},"end":{"line":235,"column":7}},"type":"if","locations":[{"start":{"line":231,"column":6},"end":{"line":235,"column":7}},{"start":{"line":233,"column":13},"end":{"line":235,"column":7}}]},"26":{"loc":{"start":{"line":242,"column":4},"end":{"line":242,"column":51}},"type":"if","locations":[{"start":{"line":242,"column":4},"end":{"line":242,"column":51}},{"start":{},"end":{}}]},"27":{"loc":{"start":{"line":242,"column":8},"end":{"line":242,"column":42}},"type":"binary-expr","locations":[{"start":{"line":242,"column":8},"end":{"line":242,"column":19}},{"start":{"line":242,"column":23},"end":{"line":242,"column":42}}]},"28":{"loc":{"start":{"line":245,"column":27},"end":{"line":245,"column":93}},"type":"cond-expr","locations":[{"start":{"line":245,"column":47},"end":{"line":245,"column":65}},{"start":{"line":245,"column":68},"end":{"line":245,"column":93}}]},"29":{"loc":{"start":{"line":246,"column":6},"end":{"line":250,"column":7}},"type":"if","locations":[{"start":{"line":246,"column":6},"end":{"line":250,"column":7}},{"start":{"line":248,"column":13},"end":{"line":250,"column":7}}]},"30":{"loc":{"start":{"line":257,"column":4},"end":{"line":257,"column":63}},"type":"if","locations":[{"start":{"line":257,"column":4},"end":{"line":257,"column":63}},{"start":{},"end":{}}]},"31":{"loc":{"start":{"line":257,"column":8},"end":{"line":257,"column":54}},"type":"binary-expr","locations":[{"start":{"line":257,"column":8},"end":{"line":257,"column":31}},{"start":{"line":257,"column":35},"end":{"line":257,"column":54}}]},"32":{"loc":{"start":{"line":261,"column":6},"end":{"line":265,"column":7}},"type":"if","locations":[{"start":{"line":261,"column":6},"end":{"line":265,"column":7}},{"start":{"line":263,"column":13},"end":{"line":265,"column":7}}]},"33":{"loc":{"start":{"line":272,"column":4},"end":{"line":274,"column":5}},"type":"if","locations":[{"start":{"line":272,"column":4},"end":{"line":274,"column":5}},{"start":{},"end":{}}]},"34":{"loc":{"start":{"line":272,"column":8},"end":{"line":272,"column":53}},"type":"binary-expr","locations":[{"start":{"line":272,"column":8},"end":{"line":272,"column":15}},{"start":{"line":272,"column":19},"end":{"line":272,"column":29}},{"start":{"line":272,"column":33},"end":{"line":272,"column":53}}]},"35":{"loc":{"start":{"line":278,"column":4},"end":{"line":280,"column":5}},"type":"if","locations":[{"start":{"line":278,"column":4},"end":{"line":280,"column":5}},{"start":{},"end":{}}]},"36":{"loc":{"start":{"line":278,"column":8},"end":{"line":278,"column":53}},"type":"binary-expr","locations":[{"start":{"line":278,"column":8},"end":{"line":278,"column":15}},{"start":{"line":278,"column":19},"end":{"line":278,"column":29}},{"start":{"line":278,"column":33},"end":{"line":278,"column":53}}]},"37":{"loc":{"start":{"line":284,"column":4},"end":{"line":286,"column":5}},"type":"if","locations":[{"start":{"line":284,"column":4},"end":{"line":286,"column":5}},{"start":{},"end":{}}]},"38":{"loc":{"start":{"line":284,"column":8},"end":{"line":284,"column":66}},"type":"binary-expr","locations":[{"start":{"line":284,"column":8},"end":{"line":284,"column":15}},{"start":{"line":284,"column":19},"end":{"line":284,"column":42}},{"start":{"line":284,"column":46},"end":{"line":284,"column":66}}]}},"s":{"0":1,"1":1,"2":1,"3":1,"4":1,"5":1,"6":1,"7":1,"8":1,"9":1,"10":1,"11":52,"12":52,"13":52,"14":52,"15":52,"16":52,"17":52,"18":52,"19":52,"20":52,"21":52,"22":30,"23":52,"24":6,"25":6,"26":52,"27":52,"28":52,"29":33,"30":52,"31":33,"32":52,"33":33,"34":52,"35":13,"36":13,"37":13,"38":52,"39":13,"40":13,"41":13,"42":5,"43":5,"44":8,"45":8,"46":13,"47":13,"48":13,"49":13,"50":52,"51":18,"52":52,"53":12,"54":12,"55":12,"56":12,"57":1,"58":1,"59":11,"60":11,"61":12,"62":12,"63":12,"64":12,"65":12,"66":52,"67":6,"68":6,"69":6,"70":6,"71":1,"72":1,"73":5,"74":5,"75":6,"76":6,"77":6,"78":6,"79":52,"80":33,"81":33,"82":33,"83":33,"84":33,"85":2,"86":2,"87":31,"88":31,"89":31,"90":13,"91":18,"92":12,"93":6,"94":6,"95":0,"96":52,"97":56,"98":56,"99":56,"100":56,"101":56,"102":56,"103":56,"104":56,"105":52,"106":2,"107":1,"108":1,"109":52,"110":4,"111":4,"112":4,"113":1,"114":1,"115":52,"116":2,"117":52,"118":1,"119":52,"120":1,"121":52,"122":3,"123":0,"124":3,"125":3,"126":3,"127":2,"128":1,"129":0,"130":52,"131":4,"132":0,"133":4,"134":4,"135":3,"136":2,"137":1,"138":1,"139":52,"140":5,"141":0,"142":5,"143":5,"144":5,"145":1,"146":4,"147":0,"148":52,"149":12,"150":3,"151":52,"152":15,"153":4,"154":52,"155":25,"156":5,"157":52},"f":{"0":52,"1":30,"2":6,"3":33,"4":33,"5":33,"6":13,"7":13,"8":13,"9":18,"10":12,"11":12,"12":6,"13":6,"14":33,"15":56,"16":2,"17":1,"18":1,"19":4,"20":2,"21":1,"22":1,"23":3,"24":4,"25":5,"26":12,"27":15,"28":25},"b":{"0":[14,16],"1":[1,5],"2":[19,14],"3":[21,12],"4":[26,7],"5":[5,8],"6":[5,8],"7":[5,8],"8":[4,14],"9":[1,11],"10":[12,2],"11":[1,11],"12":[1,5],"13":[2,31],"14":[25,6],"15":[13,18],"16":[31,19],"17":[12,6],"18":[18,12],"19":[6,0],"20":[6,6],"21":[4,0],"22":[1,3],"23":[0,3],"24":[3,3],"25":[2,1],"26":[0,4],"27":[4,4],"28":[1,3],"29":[2,1],"30":[0,5],"31":[5,5],"32":[1,4],"33":[3,9],"34":[12,12,11],"35":[4,11],"36":[15,15,14],"37":[5,20],"38":[25,25,25]}}
,"/Users/miguel.fernandez/personal-project/ritmo-calculadora/src/composables/useTheme.ts": {"path":"/Users/miguel.fernandez/personal-project/ritmo-calculadora/src/composables/useTheme.ts","statementMap":{"0":{"start":{"line":35,"column":0},"end":{"line":35,"column":16}},"1":{"start":{"line":1,"column":0},"end":{"line":1,"column":26}},"2":{"start":{"line":5,"column":20},"end":{"line":5,"column":45}},"3":{"start":{"line":6,"column":29},"end":{"line":6,"column":36}},"4":{"start":{"line":8,"column":14},"end":{"line":8,"column":39}},"5":{"start":{"line":10,"column":19},"end":{"line":19,"column":1}},"6":{"start":{"line":11,"column":2},"end":{"line":11,"column":44}},"7":{"start":{"line":11,"column":37},"end":{"line":11,"column":44}},"8":{"start":{"line":13,"column":22},"end":{"line":13,"column":46}},"9":{"start":{"line":14,"column":2},"end":{"line":18,"column":3}},"10":{"start":{"line":15,"column":4},"end":{"line":15,"column":38}},"11":{"start":{"line":17,"column":4},"end":{"line":17,"column":41}},"12":{"start":{"line":21,"column":24},"end":{"line":27,"column":1}},"13":{"start":{"line":22,"column":2},"end":{"line":24,"column":3}},"14":{"start":{"line":23,"column":4},"end":{"line":23,"column":25}},"15":{"start":{"line":25,"column":21},"end":{"line":25,"column":70}},"16":{"start":{"line":26,"column":2},"end":{"line":26,"column":37}},"17":{"start":{"line":29,"column":0},"end":{"line":33,"column":1}},"18":{"start":{"line":30,"column":23},"end":{"line":30,"column":40}},"19":{"start":{"line":31,"column":2},"end":{"line":31,"column":29}},"20":{"start":{"line":32,"column":2},"end":{"line":32,"column":27}},"21":{"start":{"line":36,"column":19},"end":{"line":42,"column":3}},"22":{"start":{"line":37,"column":4},"end":{"line":37,"column":27}},"23":{"start":{"line":38,"column":4},"end":{"line":41,"column":5}},"24":{"start":{"line":39,"column":6},"end":{"line":39,"column":50}},"25":{"start":{"line":40,"column":6},"end":{"line":40,"column":27}},"26":{"start":{"line":44,"column":22},"end":{"line":48,"column":3}},"27":{"start":{"line":45,"column":25},"end":{"line":45,"column":36}},"28":{"start":{"line":46,"column":21},"end":{"line":46,"column":64}},"29":{"start":{"line":47,"column":4},"end":{"line":47,"column":23}},"30":{"start":{"line":50,"column":2},"end":{"line":54,"column":4}}},"fnMap":{"0":{"name":"(anonymous_0)","decl":{"start":{"line":10,"column":19},"end":{"line":10,"column":20}},"loc":{"start":{"line":10,"column":43},"end":{"line":19,"column":1}}},"1":{"name":"(anonymous_1)","decl":{"start":{"line":21,"column":24},"end":{"line":21,"column":34}},"loc":{"start":{"line":21,"column":36},"end":{"line":27,"column":1}}},"2":{"name":"useTheme","decl":{"start":{"line":35,"column":16},"end":{"line":35,"column":24}},"loc":{"start":{"line":35,"column":24},"end":{"line":55,"column":1}}},"3":{"name":"(anonymous_3)","decl":{"start":{"line":36,"column":19},"end":{"line":36,"column":20}},"loc":{"start":{"line":36,"column":39},"end":{"line":42,"column":3}}},"4":{"name":"(anonymous_4)","decl":{"start":{"line":44,"column":22},"end":{"line":44,"column":25}},"loc":{"start":{"line":44,"column":27},"end":{"line":48,"column":3}}}},"branchMap":{"0":{"loc":{"start":{"line":11,"column":2},"end":{"line":11,"column":44}},"type":"if","locations":[{"start":{"line":11,"column":2},"end":{"line":11,"column":44}},{"start":{},"end":{}}]},"1":{"loc":{"start":{"line":14,"column":2},"end":{"line":18,"column":3}},"type":"if","locations":[{"start":{"line":14,"column":2},"end":{"line":18,"column":3}},{"start":{"line":16,"column":9},"end":{"line":18,"column":3}}]},"2":{"loc":{"start":{"line":22,"column":2},"end":{"line":24,"column":3}},"type":"if","locations":[{"start":{"line":22,"column":2},"end":{"line":24,"column":3}},{"start":{},"end":{}}]},"3":{"loc":{"start":{"line":26,"column":9},"end":{"line":26,"column":36}},"type":"binary-expr","locations":[{"start":{"line":26,"column":9},"end":{"line":26,"column":19}},{"start":{"line":26,"column":23},"end":{"line":26,"column":36}}]},"4":{"loc":{"start":{"line":29,"column":0},"end":{"line":33,"column":1}},"type":"if","locations":[{"start":{"line":29,"column":0},"end":{"line":33,"column":1}},{"start":{},"end":{}}]},"5":{"loc":{"start":{"line":38,"column":4},"end":{"line":41,"column":5}},"type":"if","locations":[{"start":{"line":38,"column":4},"end":{"line":41,"column":5}},{"start":{},"end":{}}]},"6":{"loc":{"start":{"line":46,"column":21},"end":{"line":46,"column":64}},"type":"cond-expr","locations":[{"start":{"line":46,"column":48},"end":{"line":46,"column":54}},{"start":{"line":46,"column":57},"end":{"line":46,"column":64}}]}},"s":{"0":1,"1":1,"2":1,"3":1,"4":1,"5":1,"6":16,"7":0,"8":16,"9":16,"10":9,"11":7,"12":1,"13":1,"14":0,"15":1,"16":1,"17":1,"18":1,"19":1,"20":1,"21":13,"22":15,"23":15,"24":15,"25":15,"26":13,"27":5,"28":5,"29":5,"30":13},"f":{"0":16,"1":1,"2":13,"3":15,"4":5},"b":{"0":[0,16],"1":[9,7],"2":[0,1],"3":[1,1],"4":[1,0],"5":[15,0],"6":[3,2]}}
,"/Users/miguel.fernandez/personal-project/ritmo-calculadora/src/composables/useTimeUtils.ts": {"path":"/Users/miguel.fernandez/personal-project/ritmo-calculadora/src/composables/useTimeUtils.ts","statementMap":{"0":{"start":{"line":11,"column":0},"end":{"line":11,"column":16}},"1":{"start":{"line":1,"column":27},"end":{"line":1,"column":29}},"2":{"start":{"line":2,"column":19},"end":{"line":2,"column":20}},"3":{"start":{"line":4,"column":28},"end":{"line":6,"column":1}},"4":{"start":{"line":5,"column":2},"end":{"line":5,"column":49}},"5":{"start":{"line":12,"column":24},"end":{"line":29,"column":3}},"6":{"start":{"line":13,"column":4},"end":{"line":19,"column":5}},"7":{"start":{"line":14,"column":22},"end":{"line":14,"column":35}},"8":{"start":{"line":15,"column":6},"end":{"line":17,"column":7}},"9":{"start":{"line":16,"column":8},"end":{"line":16,"column":47}},"10":{"start":{"line":18,"column":6},"end":{"line":18,"column":42}},"11":{"start":{"line":21,"column":18},"end":{"line":21,"column":46}},"12":{"start":{"line":22,"column":28},"end":{"line":22,"column":33}},"13":{"start":{"line":24,"column":4},"end":{"line":26,"column":5}},"14":{"start":{"line":25,"column":6},"end":{"line":25,"column":49}},"15":{"start":{"line":28,"column":4},"end":{"line":28,"column":43}},"16":{"start":{"line":31,"column":24},"end":{"line":44,"column":3}},"17":{"start":{"line":32,"column":4},"end":{"line":34,"column":5}},"18":{"start":{"line":33,"column":6},"end":{"line":33,"column":27}},"19":{"start":{"line":36,"column":37},"end":{"line":36,"column":53}},"20":{"start":{"line":37,"column":20},"end":{"line":37,"column":38}},"21":{"start":{"line":38,"column":38},"end":{"line":40,"column":25}},"22":{"start":{"line":41,"column":20},"end":{"line":41,"column":38}},"23":{"start":{"line":42,"column":21},"end":{"line":42,"column":65}},"24":{"start":{"line":43,"column":4},"end":{"line":43,"column":61}},"25":{"start":{"line":46,"column":24},"end":{"line":53,"column":3}},"26":{"start":{"line":47,"column":4},"end":{"line":47,"column":35}},"27":{"start":{"line":47,"column":21},"end":{"line":47,"column":35}},"28":{"start":{"line":49,"column":20},"end":{"line":49,"column":60}},"29":{"start":{"line":50,"column":17},"end":{"line":50,"column":57}},"30":{"start":{"line":52,"column":4},"end":{"line":52,"column":53}},"31":{"start":{"line":55,"column":24},"end":{"line":71,"column":3}},"32":{"start":{"line":56,"column":4},"end":{"line":56,"column":62}},"33":{"start":{"line":56,"column":21},"end":{"line":56,"column":62}},"34":{"start":{"line":58,"column":4},"end":{"line":60,"column":5}},"35":{"start":{"line":59,"column":6},"end":{"line":59,"column":32}},"36":{"start":{"line":62,"column":20},"end":{"line":62,"column":60}},"37":{"start":{"line":63,"column":17},"end":{"line":63,"column":45}},"38":{"start":{"line":64,"column":20},"end":{"line":64,"column":36}},"39":{"start":{"line":65,"column":24},"end":{"line":65,"column":57}},"40":{"start":{"line":67,"column":4},"end":{"line":69,"column":5}},"41":{"start":{"line":68,"column":6},"end":{"line":68,"column":58}},"42":{"start":{"line":70,"column":4},"end":{"line":70,"column":71}},"43":{"start":{"line":73,"column":2},"end":{"line":78,"column":4}}},"fnMap":{"0":{"name":"(anonymous_0)","decl":{"start":{"line":4,"column":28},"end":{"line":4,"column":29}},"loc":{"start":{"line":4,"column":54},"end":{"line":6,"column":1}}},"1":{"name":"useTimeUtils","decl":{"start":{"line":11,"column":16},"end":{"line":11,"column":28}},"loc":{"start":{"line":11,"column":28},"end":{"line":79,"column":1}}},"2":{"name":"(anonymous_2)","decl":{"start":{"line":12,"column":24},"end":{"line":12,"column":25}},"loc":{"start":{"line":12,"column":50},"end":{"line":29,"column":3}}},"3":{"name":"(anonymous_3)","decl":{"start":{"line":31,"column":24},"end":{"line":31,"column":25}},"loc":{"start":{"line":31,"column":79},"end":{"line":44,"column":3}}},"4":{"name":"(anonymous_4)","decl":{"start":{"line":46,"column":24},"end":{"line":46,"column":25}},"loc":{"start":{"line":46,"column":52},"end":{"line":53,"column":3}}},"5":{"name":"(anonymous_5)","decl":{"start":{"line":55,"column":24},"end":{"line":55,"column":25}},"loc":{"start":{"line":55,"column":81},"end":{"line":71,"column":3}}}},"branchMap":{"0":{"loc":{"start":{"line":13,"column":4},"end":{"line":19,"column":5}},"type":"if","locations":[{"start":{"line":13,"column":4},"end":{"line":19,"column":5}},{"start":{},"end":{}}]},"1":{"loc":{"start":{"line":15,"column":6},"end":{"line":17,"column":7}},"type":"if","locations":[{"start":{"line":15,"column":6},"end":{"line":17,"column":7}},{"start":{},"end":{}}]},"2":{"loc":{"start":{"line":24,"column":4},"end":{"line":26,"column":5}},"type":"if","locations":[{"start":{"line":24,"column":4},"end":{"line":26,"column":5}},{"start":{},"end":{}}]},"3":{"loc":{"start":{"line":31,"column":40},"end":{"line":31,"column":67}},"type":"default-arg","locations":[{"start":{"line":31,"column":62},"end":{"line":31,"column":67}}]},"4":{"loc":{"start":{"line":32,"column":4},"end":{"line":34,"column":5}},"type":"if","locations":[{"start":{"line":32,"column":4},"end":{"line":34,"column":5}},{"start":{},"end":{}}]},"5":{"loc":{"start":{"line":38,"column":38},"end":{"line":40,"column":25}},"type":"cond-expr","locations":[{"start":{"line":39,"column":8},"end":{"line":39,"column":29}},{"start":{"line":40,"column":8},"end":{"line":40,"column":25}}]},"6":{"loc":{"start":{"line":42,"column":21},"end":{"line":42,"column":65}},"type":"cond-expr","locations":[{"start":{"line":42,"column":35},"end":{"line":42,"column":61}},{"start":{"line":42,"column":64},"end":{"line":42,"column":65}}]},"7":{"loc":{"start":{"line":47,"column":4},"end":{"line":47,"column":35}},"type":"if","locations":[{"start":{"line":47,"column":4},"end":{"line":47,"column":35}},{"start":{},"end":{}}]},"8":{"loc":{"start":{"line":55,"column":42},"end":{"line":55,"column":69}},"type":"default-arg","locations":[{"start":{"line":55,"column":64},"end":{"line":55,"column":69}}]},"9":{"loc":{"start":{"line":56,"column":4},"end":{"line":56,"column":62}},"type":"if","locations":[{"start":{"line":56,"column":4},"end":{"line":56,"column":62}},{"start":{},"end":{}}]},"10":{"loc":{"start":{"line":56,"column":28},"end":{"line":56,"column":61}},"type":"cond-expr","locations":[{"start":{"line":56,"column":45},"end":{"line":56,"column":50}},{"start":{"line":56,"column":53},"end":{"line":56,"column":61}}]},"11":{"loc":{"start":{"line":58,"column":4},"end":{"line":60,"column":5}},"type":"if","locations":[{"start":{"line":58,"column":4},"end":{"line":60,"column":5}},{"start":{},"end":{}}]},"12":{"loc":{"start":{"line":67,"column":4},"end":{"line":69,"column":5}},"type":"if","locations":[{"start":{"line":67,"column":4},"end":{"line":69,"column":5}},{"start":{},"end":{}}]}},"s":{"0":2,"1":2,"2":2,"3":2,"4":41,"5":54,"6":29,"7":11,"8":11,"9":3,"10":8,"11":18,"12":18,"13":18,"14":17,"15":1,"16":54,"17":37,"18":10,"19":27,"20":27,"21":27,"22":27,"23":27,"24":27,"25":54,"26":25,"27":1,"28":24,"29":24,"30":24,"31":54,"32":22,"33":2,"34":20,"35":3,"36":17,"37":17,"38":17,"39":17,"40":17,"41":16,"42":1,"43":54},"f":{"0":41,"1":54,"2":29,"3":37,"4":25,"5":22},"b":{"0":[11,18],"1":[3,8],"2":[17,1],"3":[1],"4":[10,27],"5":[3,24],"6":[27,0],"7":[1,24],"8":[1],"9":[2,20],"10":[1,1],"11":[3,17],"12":[16,1]}}
}
