TN:
SF:src/composables/usePaceCalculator.ts
FN:23,usePaceCalculator
FN:36,(anonymous_1)
FN:40,(anonymous_2)
FN:55,(anonymous_3)
FN:59,(anonymous_4)
FN:63,(anonymous_5)
FN:67,(anonymous_6)
FN:74,(anonymous_7)
FN:89,(anonymous_8)
FN:94,(anonymous_9)
FN:98,(anonymous_10)
FN:120,(anonymous_11)
FN:125,(anonymous_12)
FN:146,(anonymous_13)
FN:151,(anonymous_14)
FN:188,(anonymous_15)
FN:200,(anonymous_16)
FN:203,(anonymous_17)
FN:206,(anonymous_18)
FN:211,(anonymous_19)
FN:222,(anonymous_20)
FN:223,(anonymous_21)
FN:224,(anonymous_22)
FN:226,(anonymous_23)
FN:241,(anonymous_24)
FN:256,(anonymous_25)
FN:271,(anonymous_26)
FN:277,(anonymous_27)
FN:283,(anonymous_28)
FNF:29
FNH:29
FNDA:52,usePaceCalculator
FNDA:30,(anonymous_1)
FNDA:6,(anonymous_2)
FNDA:33,(anonymous_3)
FNDA:33,(anonymous_4)
FNDA:33,(anonymous_5)
FNDA:13,(anonymous_6)
FNDA:13,(anonymous_7)
FNDA:13,(anonymous_8)
FNDA:18,(anonymous_9)
FNDA:12,(anonymous_10)
FNDA:12,(anonymous_11)
FNDA:6,(anonymous_12)
FNDA:6,(anonymous_13)
FNDA:33,(anonymous_14)
FNDA:56,(anonymous_15)
FNDA:2,(anonymous_16)
FNDA:1,(anonymous_17)
FNDA:1,(anonymous_18)
FNDA:4,(anonymous_19)
FNDA:2,(anonymous_20)
FNDA:1,(anonymous_21)
FNDA:1,(anonymous_22)
FNDA:3,(anonymous_23)
FNDA:4,(anonymous_24)
FNDA:5,(anonymous_25)
FNDA:12,(anonymous_26)
FNDA:15,(anonymous_27)
FNDA:25,(anonymous_28)
DA:1,1
DA:2,1
DA:3,1
DA:10,1
DA:11,1
DA:12,1
DA:13,1
DA:14,1
DA:16,1
DA:17,1
DA:23,1
DA:24,52
DA:26,52
DA:27,52
DA:28,52
DA:29,52
DA:30,52
DA:31,52
DA:32,52
DA:33,52
DA:34,52
DA:36,52
DA:37,30
DA:40,52
DA:41,6
DA:42,6
DA:45,52
DA:50,52
DA:55,52
DA:56,33
DA:59,52
DA:60,33
DA:63,52
DA:64,33
DA:67,52
DA:69,13
DA:70,13
DA:71,13
DA:74,52
DA:75,13
DA:76,13
DA:78,13
DA:79,5
DA:80,5
DA:82,8
DA:83,8
DA:86,13
DA:87,13
DA:89,13
DA:90,13
DA:94,52
DA:95,18
DA:98,52
DA:104,12
DA:105,12
DA:106,12
DA:108,12
DA:109,1
DA:110,1
DA:112,11
DA:113,11
DA:116,12
DA:117,12
DA:118,12
DA:120,12
DA:121,12
DA:125,52
DA:131,6
DA:132,6
DA:133,6
DA:135,6
DA:136,1
DA:137,1
DA:139,5
DA:140,5
DA:143,6
DA:144,6
DA:146,6
DA:147,6
DA:151,52
DA:152,33
DA:153,33
DA:155,33
DA:161,33
DA:163,33
DA:164,2
DA:165,2
DA:168,31
DA:169,31
DA:173,31
DA:174,13
DA:175,18
DA:176,12
DA:177,6
DA:178,6
DA:181,0
DA:188,52
DA:189,56
DA:190,56
DA:191,56
DA:192,56
DA:193,56
DA:194,56
DA:195,56
DA:196,56
DA:199,52
DA:201,2
DA:204,1
DA:207,1
DA:211,52
DA:212,4
DA:213,4
DA:216,4
DA:217,1
DA:218,1
DA:222,52
DA:223,52
DA:224,52
DA:226,52
DA:227,3
DA:229,3
DA:230,3
DA:231,3
DA:232,2
DA:234,1
DA:237,0
DA:241,52
DA:242,4
DA:244,4
DA:245,4
DA:246,3
DA:247,2
DA:249,1
DA:252,1
DA:256,52
DA:257,5
DA:259,5
DA:260,5
DA:261,5
DA:262,1
DA:264,4
DA:267,0
DA:271,52
DA:272,12
DA:273,3
DA:277,52
DA:278,15
DA:279,4
DA:283,52
DA:284,25
DA:285,5
DA:289,52
LF:152
LH:149
BRDA:37,0,0,14
BRDA:37,0,1,16
BRDA:41,1,0,1
BRDA:41,1,1,5
BRDA:56,2,0,19
BRDA:56,2,1,14
BRDA:60,3,0,21
BRDA:60,3,1,12
BRDA:64,4,0,26
BRDA:64,4,1,7
BRDA:69,5,0,5
BRDA:69,5,1,8
BRDA:70,6,0,5
BRDA:70,6,1,8
BRDA:78,7,0,5
BRDA:78,7,1,8
BRDA:95,8,0,4
BRDA:95,8,1,14
BRDA:108,9,0,1
BRDA:108,9,1,11
BRDA:108,10,0,12
BRDA:108,10,1,2
BRDA:116,11,0,1
BRDA:116,11,1,11
BRDA:135,12,0,1
BRDA:135,12,1,5
BRDA:163,13,0,2
BRDA:163,13,1,31
BRDA:169,14,0,25
BRDA:169,14,1,6
BRDA:173,15,0,13
BRDA:173,15,1,18
BRDA:173,16,0,31
BRDA:173,16,1,19
BRDA:175,17,0,12
BRDA:175,17,1,6
BRDA:175,18,0,18
BRDA:175,18,1,12
BRDA:177,19,0,6
BRDA:177,19,1,0
BRDA:177,20,0,6
BRDA:177,20,1,6
BRDA:212,21,0,4
BRDA:212,21,1,0
BRDA:216,22,0,1
BRDA:216,22,1,3
BRDA:227,23,0,0
BRDA:227,23,1,3
BRDA:227,24,0,3
BRDA:227,24,1,3
BRDA:231,25,0,2
BRDA:231,25,1,1
BRDA:242,26,0,0
BRDA:242,26,1,4
BRDA:242,27,0,4
BRDA:242,27,1,4
BRDA:245,28,0,1
BRDA:245,28,1,3
BRDA:246,29,0,2
BRDA:246,29,1,1
BRDA:257,30,0,0
BRDA:257,30,1,5
BRDA:257,31,0,5
BRDA:257,31,1,5
BRDA:261,32,0,1
BRDA:261,32,1,4
BRDA:272,33,0,3
BRDA:272,33,1,9
BRDA:272,34,0,12
BRDA:272,34,1,12
BRDA:272,34,2,11
BRDA:278,35,0,4
BRDA:278,35,1,11
BRDA:278,36,0,15
BRDA:278,36,1,15
BRDA:278,36,2,14
BRDA:284,37,0,5
BRDA:284,37,1,20
BRDA:284,38,0,25
BRDA:284,38,1,25
BRDA:284,38,2,25
BRF:81
BRH:76
end_of_record
TN:
SF:src/composables/useTheme.ts
FN:10,(anonymous_0)
FN:21,(anonymous_1)
FN:35,useTheme
FN:36,(anonymous_3)
FN:44,(anonymous_4)
FNF:5
FNH:5
FNDA:16,(anonymous_0)
FNDA:1,(anonymous_1)
FNDA:13,useTheme
FNDA:15,(anonymous_3)
FNDA:5,(anonymous_4)
DA:1,1
DA:5,1
DA:6,1
DA:8,1
DA:10,1
DA:11,16
DA:13,16
DA:14,16
DA:15,9
DA:17,7
DA:21,1
DA:22,1
DA:23,0
DA:25,1
DA:26,1
DA:29,1
DA:30,1
DA:31,1
DA:32,1
DA:35,1
DA:36,13
DA:37,15
DA:38,15
DA:39,15
DA:40,15
DA:44,13
DA:45,5
DA:46,5
DA:47,5
DA:50,13
LF:30
LH:29
BRDA:11,0,0,0
BRDA:11,0,1,16
BRDA:14,1,0,9
BRDA:14,1,1,7
BRDA:22,2,0,0
BRDA:22,2,1,1
BRDA:26,3,0,1
BRDA:26,3,1,1
BRDA:29,4,0,1
BRDA:29,4,1,0
BRDA:38,5,0,15
BRDA:38,5,1,0
BRDA:46,6,0,3
BRDA:46,6,1,2
BRF:14
BRH:10
end_of_record
TN:
SF:src/composables/useTimeUtils.ts
FN:4,(anonymous_0)
FN:11,useTimeUtils
FN:12,(anonymous_2)
FN:31,(anonymous_3)
FN:46,(anonymous_4)
FN:55,(anonymous_5)
FNF:6
FNH:6
FNDA:41,(anonymous_0)
FNDA:54,useTimeUtils
FNDA:29,(anonymous_2)
FNDA:37,(anonymous_3)
FNDA:25,(anonymous_4)
FNDA:22,(anonymous_5)
DA:1,2
DA:2,2
DA:4,2
DA:5,41
DA:11,2
DA:12,54
DA:13,29
DA:14,11
DA:15,11
DA:16,3
DA:18,8
DA:21,18
DA:22,18
DA:24,18
DA:25,17
DA:28,1
DA:31,54
DA:32,37
DA:33,10
DA:36,27
DA:37,27
DA:38,27
DA:41,27
DA:42,27
DA:43,27
DA:46,54
DA:47,25
DA:49,24
DA:50,24
DA:52,24
DA:55,54
DA:56,22
DA:58,20
DA:59,3
DA:62,17
DA:63,17
DA:64,17
DA:65,17
DA:67,17
DA:68,16
DA:70,1
DA:73,54
LF:42
LH:42
BRDA:13,0,0,11
BRDA:13,0,1,18
BRDA:15,1,0,3
BRDA:15,1,1,8
BRDA:24,2,0,17
BRDA:24,2,1,1
BRDA:31,3,0,1
BRDA:32,4,0,10
BRDA:32,4,1,27
BRDA:38,5,0,3
BRDA:38,5,1,24
BRDA:42,6,0,27
BRDA:42,6,1,0
BRDA:47,7,0,1
BRDA:47,7,1,24
BRDA:55,8,0,1
BRDA:56,9,0,2
BRDA:56,9,1,20
BRDA:56,10,0,1
BRDA:56,10,1,1
BRDA:58,11,0,3
BRDA:58,11,1,17
BRDA:67,12,0,16
BRDA:67,12,1,1
BRF:24
BRH:23
end_of_record
